# JRE version: OpenJDK Runtime Environment (8.0_152-b02) (build 1.8.0_152-release-1024-b02)
# Java VM: OpenJDK 64-Bit Server VM (25.152-b02 mixed mode windows-amd64 compressed oops)
Heap:
 PSYoungGen      total 263168K, used 228801K [0x00000000e0000000, 0x00000000f1b80000, 0x0000000100000000)
  eden space 236544K, 93% used [0x00000000e0000000,0x00000000ed6f1c98,0x00000000ee700000)
  from space 26624K, 32% used [0x00000000ee700000,0x00000000eef7eb08,0x00000000f0100000)
  to   space 26624K, 0% used [0x00000000f0180000,0x00000000f0180000,0x00000000f1b80000)
 ParOldGen       total 310784K, used 49663K [0x00000000a0000000, 0x00000000b2f80000, 0x00000000e0000000)
  object space 310784K, 15% used [0x00000000a0000000,0x00000000a307ff00,0x00000000b2f80000)
 Metaspace       used 91277K, capacity 96932K, committed 100172K, reserved 1136640K
  class space    used 11311K, capacity 12278K, committed 13184K, reserved 1048576K
GC Heap History (10 events):
Event: 21869.737 GC heap before
{Heap before GC invocations=47 (full 4):
 PSYoungGen      total 260096K, used 253806K [0x00000000e0000000, 0x00000000f1680000, 0x0000000100000000)
  eden space 236032K, 100% used [0x00000000e0000000,0x00000000ee680000,0x00000000ee680000)
  from space 24064K, 73% used [0x00000000eff00000,0x00000000f105bb78,0x00000000f1680000)
  to   space 24576K, 0% used [0x00000000ee680000,0x00000000ee680000,0x00000000efe80000)
 ParOldGen       total 310784K, used 38545K [0x00000000a0000000, 0x00000000b2f80000, 0x00000000e0000000)
  object space 310784K, 12% used [0x00000000a0000000,0x00000000a25a45e8,0x00000000b2f80000)
 Metaspace       used 90798K, capacity 96460K, committed 99916K, reserved 1136640K
  class space    used 11295K, capacity 12256K, committed 13184K, reserved 1048576K
Event: 21869.749 GC heap after
Heap after GC invocations=47 (full 4):
 PSYoungGen      total 260608K, used 9152K [0x00000000e0000000, 0x00000000f1900000, 0x0000000100000000)
  eden space 236032K, 0% used [0x00000000e0000000,0x00000000e0000000,0x00000000ee680000)
  from space 24576K, 37% used [0x00000000ee680000,0x00000000eef70250,0x00000000efe80000)
  to   space 25600K, 0% used [0x00000000f0000000,0x00000000f0000000,0x00000000f1900000)
 ParOldGen       total 310784K, used 49039K [0x00000000a0000000, 0x00000000b2f80000, 0x00000000e0000000)
  object space 310784K, 15% used [0x00000000a0000000,0x00000000a2fe3f00,0x00000000b2f80000)
 Metaspace       used 90798K, capacity 96460K, committed 99916K, reserved 1136640K
  class space    used 11295K, capacity 12256K, committed 13184K, reserved 1048576K
}
Event: 22490.568 GC heap before
{Heap before GC invocations=48 (full 4):
 PSYoungGen      total 260608K, used 245184K [0x00000000e0000000, 0x00000000f1900000, 0x0000000100000000)
  eden space 236032K, 100% used [0x00000000e0000000,0x00000000ee680000,0x00000000ee680000)
  from space 24576K, 37% used [0x00000000ee680000,0x00000000eef70250,0x00000000efe80000)
  to   space 25600K, 0% used [0x00000000f0000000,0x00000000f0000000,0x00000000f1900000)
 ParOldGen       total 310784K, used 49039K [0x00000000a0000000, 0x00000000b2f80000, 0x00000000e0000000)
  object space 310784K, 15% used [0x00000000a0000000,0x00000000a2fe3f00,0x00000000b2f80000)
 Metaspace       used 90898K, capacity 96596K, committed 99916K, reserved 1136640K
  class space    used 11296K, capacity 12256K, committed 13184K, reserved 1048576K
Event: 22490.575 GC heap after
Heap after GC invocations=48 (full 4):
 PSYoungGen      total 261632K, used 9430K [0x00000000e0000000, 0x00000000f1a00000, 0x0000000100000000)
  eden space 236032K, 0% used [0x00000000e0000000,0x00000000e0000000,0x00000000ee680000)
  from space 25600K, 36% used [0x00000000f0000000,0x00000000f09358d0,0x00000000f1900000)
  to   space 26112K, 0% used [0x00000000ee680000,0x00000000ee680000,0x00000000f0000000)
 ParOldGen       total 310784K, used 49175K [0x00000000a0000000, 0x00000000b2f80000, 0x00000000e0000000)
  object space 310784K, 15% used [0x00000000a0000000,0x00000000a3005f00,0x00000000b2f80000)
 Metaspace       used 90898K, capacity 96596K, committed 99916K, reserved 1136640K
  class space    used 11296K, capacity 12256K, committed 13184K, reserved 1048576K
}
Event: 22569.605 GC heap before
{Heap before GC invocations=49 (full 4):
 PSYoungGen      total 261632K, used 244696K [0x00000000e0000000, 0x00000000f1a00000, 0x0000000100000000)
  eden space 236032K, 99% used [0x00000000e0000000,0x00000000ee5c0948,0x00000000ee680000)
  from space 25600K, 36% used [0x00000000f0000000,0x00000000f09358d0,0x00000000f1900000)
  to   space 26112K, 0% used [0x00000000ee680000,0x00000000ee680000,0x00000000f0000000)
 ParOldGen       total 310784K, used 49175K [0x00000000a0000000, 0x00000000b2f80000, 0x00000000e0000000)
  object space 310784K, 15% used [0x00000000a0000000,0x00000000a3005f00,0x00000000b2f80000)
 Metaspace       used 90951K, capacity 96600K, committed 99916K, reserved 1136640K
  class space    used 11296K, capacity 12256K, committed 13184K, reserved 1048576K
Event: 22569.611 GC heap after
Heap after GC invocations=49 (full 4):
 PSYoungGen      total 262144K, used 9810K [0x00000000e0000000, 0x00000000f1b00000, 0x0000000100000000)
  eden space 236032K, 0% used [0x00000000e0000000,0x00000000e0000000,0x00000000ee680000)
  from space 26112K, 37% used [0x00000000ee680000,0x00000000ef014b30,0x00000000f0000000)
  to   space 26624K, 0% used [0x00000000f0100000,0x00000000f0100000,0x00000000f1b00000)
 ParOldGen       total 310784K, used 49263K [0x00000000a0000000, 0x00000000b2f80000, 0x00000000e0000000)
  object space 310784K, 15% used [0x00000000a0000000,0x00000000a301bf00,0x00000000b2f80000)
 Metaspace       used 90951K, capacity 96600K, committed 99916K, reserved 1136640K
  class space    used 11296K, capacity 12256K, committed 13184K, reserved 1048576K
}
Event: 22838.740 GC heap before
{Heap before GC invocations=50 (full 4):
 PSYoungGen      total 262144K, used 245842K [0x00000000e0000000, 0x00000000f1b00000, 0x0000000100000000)
  eden space 236032K, 100% used [0x00000000e0000000,0x00000000ee680000,0x00000000ee680000)
  from space 26112K, 37% used [0x00000000ee680000,0x00000000ef014b30,0x00000000f0000000)
  to   space 26624K, 0% used [0x00000000f0100000,0x00000000f0100000,0x00000000f1b00000)
 ParOldGen       total 310784K, used 49263K [0x00000000a0000000, 0x00000000b2f80000, 0x00000000e0000000)
  object space 310784K, 15% used [0x00000000a0000000,0x00000000a301bf00,0x00000000b2f80000)
 Metaspace       used 91020K, capacity 96600K, committed 99916K, reserved 1136640K
  class space    used 11296K, capacity 12256K, committed 13184K, reserved 1048576K
Event: 22838.746 GC heap after
Heap after GC invocations=50 (full 4):
 PSYoungGen      total 263168K, used 8761K [0x00000000e0000000, 0x00000000f1b00000, 0x0000000100000000)
  eden space 236544K, 0% used [0x00000000e0000000,0x00000000e0000000,0x00000000ee700000)
  from space 26624K, 32% used [0x00000000f0100000,0x00000000f098e418,0x00000000f1b00000)
  to   space 26624K, 0% used [0x00000000ee700000,0x00000000ee700000,0x00000000f0100000)
 ParOldGen       total 310784K, used 49399K [0x00000000a0000000, 0x00000000b2f80000, 0x00000000e0000000)
  object space 310784K, 15% used [0x00000000a0000000,0x00000000a303df00,0x00000000b2f80000)
 Metaspace       used 91020K, capacity 96600K, committed 99916K, reserved 1136640K
  class space    used 11296K, capacity 12256K, committed 13184K, reserved 1048576K
}
Event: 23009.785 GC heap before
{Heap before GC invocations=51 (full 4):
 PSYoungGen      total 263168K, used 245305K [0x00000000e0000000, 0x00000000f1b00000, 0x0000000100000000)
  eden space 236544K, 100% used [0x00000000e0000000,0x00000000ee700000,0x00000000ee700000)
  from space 26624K, 32% used [0x00000000f0100000,0x00000000f098e418,0x00000000f1b00000)
  to   space 26624K, 0% used [0x00000000ee700000,0x00000000ee700000,0x00000000f0100000)
 ParOldGen       total 310784K, used 49399K [0x00000000a0000000, 0x00000000b2f80000, 0x00000000e0000000)
  object space 310784K, 15% used [0x00000000a0000000,0x00000000a303df00,0x00000000b2f80000)
 Metaspace       used 91157K, capacity 96796K, committed 99916K, reserved 1136640K
  class space    used 11308K, capacity 12278K, committed 13184K, reserved 1048576K
Event: 23009.791 GC heap after
Heap after GC invocations=51 (full 4):
 PSYoungGen      total 263168K, used 8698K [0x00000000e0000000, 0x00000000f1b80000, 0x0000000100000000)
  eden space 236544K, 0% used [0x00000000e0000000,0x00000000e0000000,0x00000000ee700000)
  from space 26624K, 32% used [0x00000000ee700000,0x00000000eef7eb08,0x00000000f0100000)
  to   space 26624K, 0% used [0x00000000f0180000,0x00000000f0180000,0x00000000f1b80000)
 ParOldGen       total 310784K, used 49663K [0x00000000a0000000, 0x00000000b2f80000, 0x00000000e0000000)
  object space 310784K, 15% used [0x00000000a0000000,0x00000000a307ff00,0x00000000b2f80000)
 Metaspace       used 91157K, capacity 96796K, committed 99916K, reserved 1136640K
  class space    used 11308K, capacity 12278K, committed 13184K, reserved 1048576K
}

